Execution started.
Allocating 16777216 bytes of memory...
-----------------------------------------------------------------
Stride: 1
Microseconds per 100 memory accesses: 0.252827 .
-----------------------------------------------------------------
-----------------------------------------------------------------
Stride: 2
Microseconds per 100 memory accesses: 0.260192 .
-----------------------------------------------------------------
-----------------------------------------------------------------
Stride: 4
Microseconds per 100 memory accesses: 0.257185 .
-----------------------------------------------------------------
-----------------------------------------------------------------
Stride: 8
Microseconds per 100 memory accesses: 0.271366 .
-----------------------------------------------------------------
-----------------------------------------------------------------
Stride: 16
Microseconds per 100 memory accesses: 0.303382 .
-----------------------------------------------------------------
-----------------------------------------------------------------
Stride: 32
Microseconds per 100 memory accesses: 0.278892 .
-----------------------------------------------------------------
-----------------------------------------------------------------
Stride: 64
Microseconds per 100 memory accesses: 0.369664 .
-----------------------------------------------------------------
-----------------------------------------------------------------
Stride: 128
Microseconds per 100 memory accesses: 0.660398 .
-----------------------------------------------------------------
-----------------------------------------------------------------
Stride: 256
Microseconds per 100 memory accesses: 0.712093 .
-----------------------------------------------------------------
-----------------------------------------------------------------
Stride: 512
Microseconds per 100 memory accesses: 0.690945 .
-----------------------------------------------------------------
-----------------------------------------------------------------
Stride: 1024
Microseconds per 100 memory accesses: 0.977959 .
-----------------------------------------------------------------
